<!DOCTYPE html PUBLIC "-//W3C//DTD XHTML 1.1//EN" "https://www.w3.org/TR/xhtml11/DTD/xhtml11.dtd">
<html xmlns="https://www.w3.org/1999/xhtml">
<head>
<meta http-equiv="content-type" content="text/html; charset=UTF-8"/>
<title>TestNG Report</title>
<style type="text/css">table {margin-bottom:10px;border-collapse:collapse;empty-cells:show}th,td {border:1px solid #009;padding:.25em .5em}th {vertical-align:bottom}td {vertical-align:top}table a {font-weight:bold}.stripe td {background-color: #E6EBF9}.num {text-align:right}.passedodd td {background-color: #3F3}.passedeven td {background-color: #0A0}.skippedodd td {background-color: #DDD}.skippedeven td {background-color: #CCC}.failedodd td,.attn {background-color: #F33}.failedeven td,.stripe .attn {background-color: #D00}.stacktrace {white-space:pre;font-family:monospace}.totop {font-size:85%;text-align:center;border-bottom:2px solid #000}.invisible {display:none}</style>
</head>
<body>
<table>
<tr><th>Test</th><th># Passed</th><th># Skipped</th><th># Retried</th><th># Failed</th><th>Time (ms)</th><th>Included Groups</th><th>Excluded Groups</th></tr>
<tr><th colspan="8">Suite</th></tr>
<tr><td><a href="#t0">Test</a></td><td class="num">0</td><td class="num">0</td><td class="num">0</td><td class="num attn">3</td><td class="num">48,179</td><td></td><td></td></tr>
</table>
<table id='summary'><thead><tr><th>Class</th><th>Method</th><th>Start</th><th>Time (ms)</th></tr></thead><tbody><tr><th colspan="4">Suite</th></tr></tbody><tbody id="t0"><tr><th colspan="4">Test &#8212; failed</th></tr><tr class="failedeven"><td rowspan="3">in.amazon.test.HomepageTests</td><td><a href="#m0">verifySearchProduct</a></td><td rowspan="3">1604301602475</td><td rowspan="3">3944</td></tr><tr class="failedeven"><td><a href="#m1">verifySearchProduct</a></td></tr><tr class="failedeven"><td><a href="#m2">verifySearchProduct</a></td></tr></tbody>
</table>
<h2>Test</h2><h3 id="m0">in.amazon.test.HomepageTests#verifySearchProduct</h3><table class="result"><tr class="param"><th>Parameter #1</th><th>Parameter #2</th></tr><tr class="param stripe"><td>Apple Watch</td><td>Electronics</td></tr><tr><th colspan="2">Exception</th></tr><tr><td colspan="2"><div class="stacktrace">java.lang.AssertionError: expected [1-24 of over 2,000 results for Electronics : &quot;Apple Watch&quot;] but found [1-24 of over 2,000 results for Electronics : &quot;Apple Watch&quot;
Sort by:
        
            Featured
        
            Price: Low to High
        
            Price: High to Low
        
            Avg. Customer Review
        
            Newest Arrivals
        
    Sort by:Featured]
	at in.amazon.test.HomepageTests.verifySearchProduct(HomepageTests.java:28)
	at java.util.concurrent.ThreadPoolExecutor.runWorker(Unknown Source)
	at java.util.concurrent.ThreadPoolExecutor$Worker.run(Unknown Source)
	at java.lang.Thread.run(Unknown Source)
... Removed 18 stack frames</div></td></tr></table><p class="totop"><a href="#summary">back to summary</a></p>
<h3 id="m1">in.amazon.test.HomepageTests#verifySearchProduct</h3><table class="result"><tr class="param"><th>Parameter #1</th><th>Parameter #2</th></tr><tr class="param stripe"><td>Iphone</td><td>Electronics</td></tr><tr><th colspan="2">Exception</th></tr><tr><td colspan="2"><div class="stacktrace">java.lang.AssertionError: expected [1-24 of over 2,000 results for Electronics : &quot;Apple Watch&quot;] but found [1-24 of over 10,000 results for Electronics : &quot;Iphone&quot;
Sort by:
        
            Featured
        
            Price: Low to High
        
            Price: High to Low
        
            Avg. Customer Review
        
            Newest Arrivals
        
    Sort by:Featured]
	at in.amazon.test.HomepageTests.verifySearchProduct(HomepageTests.java:28)
	at java.util.concurrent.ThreadPoolExecutor.runWorker(Unknown Source)
	at java.util.concurrent.ThreadPoolExecutor$Worker.run(Unknown Source)
	at java.lang.Thread.run(Unknown Source)
... Removed 18 stack frames</div></td></tr></table><p class="totop"><a href="#summary">back to summary</a></p>
<h3 id="m2">in.amazon.test.HomepageTests#verifySearchProduct</h3><table class="result"><tr class="param"><th>Parameter #1</th><th>Parameter #2</th></tr><tr class="param stripe"><td>selenium books</td><td>Books</td></tr><tr><th colspan="2">Exception</th></tr><tr><td colspan="2"><div class="stacktrace">java.lang.AssertionError: expected [1-24 of over 2,000 results for Electronics : &quot;Apple Watch&quot;] but found [1-16 of over 1,000 results for Books : &quot;selenium books&quot;
Sort by:
        
            Featured
        
            Price: Low to High
        
            Price: High to Low
        
            Avg. Customer Review
        
            Publication Date
        
    Sort by:Featured]
	at in.amazon.test.HomepageTests.verifySearchProduct(HomepageTests.java:28)
	at java.util.concurrent.ThreadPoolExecutor.runWorker(Unknown Source)
	at java.util.concurrent.ThreadPoolExecutor$Worker.run(Unknown Source)
	at java.lang.Thread.run(Unknown Source)
... Removed 18 stack frames</div></td></tr></table><p class="totop"><a href="#summary">back to summary</a></p>
</body>
</html>
