<?xml version="1.0" encoding="UTF-8"?>
<testng-results skipped="0" failed="3" ignored="0" total="3" passed="0">
  <reporter-output>
  </reporter-output>
  <suite name="Suite" duration-ms="48179" started-at="2020-11-02T12:49:50 IST" finished-at="2020-11-02T12:50:38 IST">
    <groups>
    </groups>
    <test name="Test" duration-ms="48179" started-at="2020-11-02T12:49:50 IST" finished-at="2020-11-02T12:50:38 IST">
      <class name="in.amazon.test.HomepageTests">
        <test-method status="PASS" signature="preSetup()[pri:0, instance:in.amazon.test.HomepageTests@2d8f65a4]" name="preSetup" is-config="true" duration-ms="204" started-at="2020-11-02T12:49:50 IST" finished-at="2020-11-02T12:49:50 IST">
          <reporter-output>
          </reporter-output>
        </test-method> <!-- preSetup -->
        <test-method status="PASS" signature="setup()[pri:0, instance:in.amazon.test.HomepageTests@2d8f65a4]" name="setup" is-config="true" duration-ms="10907" started-at="2020-11-02T12:49:51 IST" finished-at="2020-11-02T12:50:02 IST">
          <reporter-output>
          </reporter-output>
        </test-method> <!-- setup -->
        <test-method status="FAIL" signature="verifySearchProduct(java.lang.String, java.lang.String)[pri:0, instance:in.amazon.test.HomepageTests@2d8f65a4]" name="verifySearchProduct" duration-ms="3944" started-at="2020-11-02T12:50:02 IST" data-provider="getDataforSearchProduct" finished-at="2020-11-02T12:50:06 IST">
          <params>
            <param index="0">
              <value>
                <![CDATA[Apple Watch]]>
              </value>
            </param>
            <param index="1">
              <value>
                <![CDATA[Electronics]]>
              </value>
            </param>
          </params>
          <exception class="java.lang.AssertionError">
            <message>
              <![CDATA[expected [1-24 of over 2,000 results for Electronics : "Apple Watch"] but found [1-24 of over 2,000 results for Electronics : "Apple Watch"
Sort by:
        
            Featured
        
            Price: Low to High
        
            Price: High to Low
        
            Avg. Customer Review
        
            Newest Arrivals
        
    Sort by:Featured]]]>
            </message>
            <full-stacktrace>
              <![CDATA[java.lang.AssertionError: expected [1-24 of over 2,000 results for Electronics : "Apple Watch"] but found [1-24 of over 2,000 results for Electronics : "Apple Watch"
Sort by:
        
            Featured
        
            Price: Low to High
        
            Price: High to Low
        
            Avg. Customer Review
        
            Newest Arrivals
        
    Sort by:Featured]
at org.testng.Assert.fail(Assert.java:99)
at org.testng.Assert.failNotEquals(Assert.java:1037)
at org.testng.Assert.assertEqualsImpl(Assert.java:140)
at org.testng.Assert.assertEquals(Assert.java:122)
at org.testng.Assert.assertEquals(Assert.java:629)
at org.testng.Assert.assertEquals(Assert.java:639)
at in.amazon.test.HomepageTests.verifySearchProduct(HomepageTests.java:28)
at sun.reflect.NativeMethodAccessorImpl.invoke0(Native Method)
at sun.reflect.NativeMethodAccessorImpl.invoke(Unknown Source)
at sun.reflect.DelegatingMethodAccessorImpl.invoke(Unknown Source)
at java.lang.reflect.Method.invoke(Unknown Source)
at org.testng.internal.MethodInvocationHelper.invokeMethod(MethodInvocationHelper.java:132)
at org.testng.internal.TestInvoker.invokeMethod(TestInvoker.java:599)
at org.testng.internal.TestInvoker.invokeTestMethod(TestInvoker.java:174)
at org.testng.internal.MethodRunner.runInSequence(MethodRunner.java:46)
at org.testng.internal.TestInvoker$MethodInvocationAgent.invoke(TestInvoker.java:822)
at org.testng.internal.TestInvoker.invokeTestMethods(TestInvoker.java:147)
at org.testng.internal.TestMethodWorker.invokeTestMethods(TestMethodWorker.java:146)
at org.testng.internal.TestMethodWorker.run(TestMethodWorker.java:128)
at java.util.concurrent.ThreadPoolExecutor.runWorker(Unknown Source)
at java.util.concurrent.ThreadPoolExecutor$Worker.run(Unknown Source)
at java.lang.Thread.run(Unknown Source)
]]>
            </full-stacktrace>
          </exception> <!-- java.lang.AssertionError -->
          <reporter-output>
          </reporter-output>
        </test-method> <!-- verifySearchProduct -->
        <test-method status="PASS" signature="postTestSteps(org.testng.ITestResult)[pri:0, instance:in.amazon.test.HomepageTests@2d8f65a4]" name="postTestSteps" is-config="true" duration-ms="1723" started-at="2020-11-02T12:50:06 IST" finished-at="2020-11-02T12:50:08 IST">
          <params>
            <param index="0">
              <value>
                <![CDATA[[TestResult name=verifySearchProduct status=FAILURE method=HomepageTests.verifySearchProduct(java.lang.String, java.lang.String)[pri:0, instance:in.amazon.test.HomepageTests@2d8f65a4] output={null}]]]>
              </value>
            </param>
          </params>
          <reporter-output>
          </reporter-output>
        </test-method> <!-- postTestSteps -->
        <test-method status="PASS" signature="setup()[pri:0, instance:in.amazon.test.HomepageTests@2d8f65a4]" name="setup" is-config="true" duration-ms="9462" started-at="2020-11-02T12:50:08 IST" finished-at="2020-11-02T12:50:17 IST">
          <reporter-output>
          </reporter-output>
        </test-method> <!-- setup -->
        <test-method status="FAIL" signature="verifySearchProduct(java.lang.String, java.lang.String)[pri:0, instance:in.amazon.test.HomepageTests@2d8f65a4]" name="verifySearchProduct" duration-ms="4639" started-at="2020-11-02T12:50:17 IST" data-provider="getDataforSearchProduct" finished-at="2020-11-02T12:50:22 IST">
          <params>
            <param index="0">
              <value>
                <![CDATA[Iphone]]>
              </value>
            </param>
            <param index="1">
              <value>
                <![CDATA[Electronics]]>
              </value>
            </param>
          </params>
          <exception class="java.lang.AssertionError">
            <message>
              <![CDATA[expected [1-24 of over 2,000 results for Electronics : "Apple Watch"] but found [1-24 of over 10,000 results for Electronics : "Iphone"
Sort by:
        
            Featured
        
            Price: Low to High
        
            Price: High to Low
        
            Avg. Customer Review
        
            Newest Arrivals
        
    Sort by:Featured]]]>
            </message>
            <full-stacktrace>
              <![CDATA[java.lang.AssertionError: expected [1-24 of over 2,000 results for Electronics : "Apple Watch"] but found [1-24 of over 10,000 results for Electronics : "Iphone"
Sort by:
        
            Featured
        
            Price: Low to High
        
            Price: High to Low
        
            Avg. Customer Review
        
            Newest Arrivals
        
    Sort by:Featured]
at org.testng.Assert.fail(Assert.java:99)
at org.testng.Assert.failNotEquals(Assert.java:1037)
at org.testng.Assert.assertEqualsImpl(Assert.java:140)
at org.testng.Assert.assertEquals(Assert.java:122)
at org.testng.Assert.assertEquals(Assert.java:629)
at org.testng.Assert.assertEquals(Assert.java:639)
at in.amazon.test.HomepageTests.verifySearchProduct(HomepageTests.java:28)
at sun.reflect.NativeMethodAccessorImpl.invoke0(Native Method)
at sun.reflect.NativeMethodAccessorImpl.invoke(Unknown Source)
at sun.reflect.DelegatingMethodAccessorImpl.invoke(Unknown Source)
at java.lang.reflect.Method.invoke(Unknown Source)
at org.testng.internal.MethodInvocationHelper.invokeMethod(MethodInvocationHelper.java:132)
at org.testng.internal.TestInvoker.invokeMethod(TestInvoker.java:599)
at org.testng.internal.TestInvoker.invokeTestMethod(TestInvoker.java:174)
at org.testng.internal.MethodRunner.runInSequence(MethodRunner.java:46)
at org.testng.internal.TestInvoker$MethodInvocationAgent.invoke(TestInvoker.java:822)
at org.testng.internal.TestInvoker.invokeTestMethods(TestInvoker.java:147)
at org.testng.internal.TestMethodWorker.invokeTestMethods(TestMethodWorker.java:146)
at org.testng.internal.TestMethodWorker.run(TestMethodWorker.java:128)
at java.util.concurrent.ThreadPoolExecutor.runWorker(Unknown Source)
at java.util.concurrent.ThreadPoolExecutor$Worker.run(Unknown Source)
at java.lang.Thread.run(Unknown Source)
]]>
            </full-stacktrace>
          </exception> <!-- java.lang.AssertionError -->
          <reporter-output>
          </reporter-output>
        </test-method> <!-- verifySearchProduct -->
        <test-method status="PASS" signature="postTestSteps(org.testng.ITestResult)[pri:0, instance:in.amazon.test.HomepageTests@2d8f65a4]" name="postTestSteps" is-config="true" duration-ms="1822" started-at="2020-11-02T12:50:22 IST" finished-at="2020-11-02T12:50:24 IST">
          <params>
            <param index="0">
              <value>
                <![CDATA[[TestResult name=verifySearchProduct status=FAILURE method=HomepageTests.verifySearchProduct(java.lang.String, java.lang.String)[pri:0, instance:in.amazon.test.HomepageTests@2d8f65a4] output={null}]]]>
              </value>
            </param>
          </params>
          <reporter-output>
          </reporter-output>
        </test-method> <!-- postTestSteps -->
        <test-method status="PASS" signature="setup()[pri:0, instance:in.amazon.test.HomepageTests@2d8f65a4]" name="setup" is-config="true" duration-ms="9689" started-at="2020-11-02T12:50:24 IST" finished-at="2020-11-02T12:50:33 IST">
          <reporter-output>
          </reporter-output>
        </test-method> <!-- setup -->
        <test-method status="FAIL" signature="verifySearchProduct(java.lang.String, java.lang.String)[pri:0, instance:in.amazon.test.HomepageTests@2d8f65a4]" name="verifySearchProduct" duration-ms="3707" started-at="2020-11-02T12:50:33 IST" data-provider="getDataforSearchProduct" finished-at="2020-11-02T12:50:37 IST">
          <params>
            <param index="0">
              <value>
                <![CDATA[selenium books]]>
              </value>
            </param>
            <param index="1">
              <value>
                <![CDATA[Books]]>
              </value>
            </param>
          </params>
          <exception class="java.lang.AssertionError">
            <message>
              <![CDATA[expected [1-24 of over 2,000 results for Electronics : "Apple Watch"] but found [1-16 of over 1,000 results for Books : "selenium books"
Sort by:
        
            Featured
        
            Price: Low to High
        
            Price: High to Low
        
            Avg. Customer Review
        
            Publication Date
        
    Sort by:Featured]]]>
            </message>
            <full-stacktrace>
              <![CDATA[java.lang.AssertionError: expected [1-24 of over 2,000 results for Electronics : "Apple Watch"] but found [1-16 of over 1,000 results for Books : "selenium books"
Sort by:
        
            Featured
        
            Price: Low to High
        
            Price: High to Low
        
            Avg. Customer Review
        
            Publication Date
        
    Sort by:Featured]
at org.testng.Assert.fail(Assert.java:99)
at org.testng.Assert.failNotEquals(Assert.java:1037)
at org.testng.Assert.assertEqualsImpl(Assert.java:140)
at org.testng.Assert.assertEquals(Assert.java:122)
at org.testng.Assert.assertEquals(Assert.java:629)
at org.testng.Assert.assertEquals(Assert.java:639)
at in.amazon.test.HomepageTests.verifySearchProduct(HomepageTests.java:28)
at sun.reflect.NativeMethodAccessorImpl.invoke0(Native Method)
at sun.reflect.NativeMethodAccessorImpl.invoke(Unknown Source)
at sun.reflect.DelegatingMethodAccessorImpl.invoke(Unknown Source)
at java.lang.reflect.Method.invoke(Unknown Source)
at org.testng.internal.MethodInvocationHelper.invokeMethod(MethodInvocationHelper.java:132)
at org.testng.internal.TestInvoker.invokeMethod(TestInvoker.java:599)
at org.testng.internal.TestInvoker.invokeTestMethod(TestInvoker.java:174)
at org.testng.internal.MethodRunner.runInSequence(MethodRunner.java:46)
at org.testng.internal.TestInvoker$MethodInvocationAgent.invoke(TestInvoker.java:822)
at org.testng.internal.TestInvoker.invokeTestMethods(TestInvoker.java:147)
at org.testng.internal.TestMethodWorker.invokeTestMethods(TestMethodWorker.java:146)
at org.testng.internal.TestMethodWorker.run(TestMethodWorker.java:128)
at java.util.concurrent.ThreadPoolExecutor.runWorker(Unknown Source)
at java.util.concurrent.ThreadPoolExecutor$Worker.run(Unknown Source)
at java.lang.Thread.run(Unknown Source)
]]>
            </full-stacktrace>
          </exception> <!-- java.lang.AssertionError -->
          <reporter-output>
          </reporter-output>
        </test-method> <!-- verifySearchProduct -->
        <test-method status="PASS" signature="postTestSteps(org.testng.ITestResult)[pri:0, instance:in.amazon.test.HomepageTests@2d8f65a4]" name="postTestSteps" is-config="true" duration-ms="1338" started-at="2020-11-02T12:50:37 IST" finished-at="2020-11-02T12:50:38 IST">
          <params>
            <param index="0">
              <value>
                <![CDATA[[TestResult name=verifySearchProduct status=FAILURE method=HomepageTests.verifySearchProduct(java.lang.String, java.lang.String)[pri:0, instance:in.amazon.test.HomepageTests@2d8f65a4] output={null}]]]>
              </value>
            </param>
          </params>
          <reporter-output>
          </reporter-output>
        </test-method> <!-- postTestSteps -->
        <test-method status="PASS" signature="postCLeanup()[pri:0, instance:in.amazon.test.HomepageTests@2d8f65a4]" name="postCLeanup" is-config="true" duration-ms="445" started-at="2020-11-02T12:50:38 IST" finished-at="2020-11-02T12:50:39 IST">
          <reporter-output>
          </reporter-output>
        </test-method> <!-- postCLeanup -->
      </class> <!-- in.amazon.test.HomepageTests -->
    </test> <!-- Test -->
  </suite> <!-- Suite -->
</testng-results>
