<?xml version="1.0" encoding="UTF-8"?>
<!-- Generated by org.testng.reporters.JUnitXMLReporter -->
<testsuite hostname="ip-172-31-76-77" ignored="0" name="Test" tests="3" failures="3" timestamp="2020-11-03T04:36:09 UTC" time="29.041" errors="0">
  <testcase name="verifySearchProduct" time="2.598" classname="in.amazon.test.HomepageTests">
    <failure type="java.lang.AssertionError" message="expected [1-24 of over 2,000 results for Electronics : &amp;quot;Apple Watch&amp;quot;] but found [1-16 of over 1,000 results for Books : &amp;quot;Chetan Bhagat&amp;quot;
Sort by:
        
            Featured
        
            Price: Low to High
        
            Price: High to Low
        
            Avg. Customer Review
        
            Publication Date
        
    Sort by:Featured]">
      <![CDATA[java.lang.AssertionError: expected [1-24 of over 2,000 results for Electronics : "Apple Watch"] but found [1-16 of over 1,000 results for Books : "Chetan Bhagat"
Sort by:
        
            Featured
        
            Price: Low to High
        
            Price: High to Low
        
            Avg. Customer Review
        
            Publication Date
        
    Sort by:Featured]
at in.amazon.test.HomepageTests.verifySearchProduct(HomepageTests.java:28)
at java.util.concurrent.ThreadPoolExecutor.runWorker(ThreadPoolExecutor.java:1149)
at java.util.concurrent.ThreadPoolExecutor$Worker.run(ThreadPoolExecutor.java:624)
at java.lang.Thread.run(Thread.java:748)
... Removed 18 stack frames]]>
    </failure>
  </testcase> <!-- verifySearchProduct -->
  <testcase name="verifySearchProduct" time="2.545" classname="in.amazon.test.HomepageTests">
    <failure type="java.lang.AssertionError" message="expected [1-24 of over 2,000 results for Electronics : &amp;quot;Apple Watch&amp;quot;] but found [1-16 of over 1,000 results for Books : &amp;quot;Chetan Bhagat&amp;quot;
Sort by:
        
            Featured
        
            Price: Low to High
        
            Price: High to Low
        
            Avg. Customer Review
        
            Publication Date
        
    Sort by:Featured]">
      <![CDATA[java.lang.AssertionError: expected [1-24 of over 2,000 results for Electronics : "Apple Watch"] but found [1-16 of over 1,000 results for Books : "Chetan Bhagat"
Sort by:
        
            Featured
        
            Price: Low to High
        
            Price: High to Low
        
            Avg. Customer Review
        
            Publication Date
        
    Sort by:Featured]
at in.amazon.test.HomepageTests.verifySearchProduct(HomepageTests.java:28)
at java.util.concurrent.ThreadPoolExecutor.runWorker(ThreadPoolExecutor.java:1149)
at java.util.concurrent.ThreadPoolExecutor$Worker.run(ThreadPoolExecutor.java:624)
at java.lang.Thread.run(Thread.java:748)
... Removed 18 stack frames]]>
    </failure>
  </testcase> <!-- verifySearchProduct -->
  <testcase name="verifySearchProduct" time="2.509" classname="in.amazon.test.HomepageTests">
    <failure type="java.lang.AssertionError" message="expected [1-24 of over 2,000 results for Electronics : &amp;quot;Apple Watch&amp;quot;] but found [1-16 of over 1,000 results for Books : &amp;quot;Chetan Bhagat&amp;quot;
Sort by:
        
            Featured
        
            Price: Low to High
        
            Price: High to Low
        
            Avg. Customer Review
        
            Publication Date
        
    Sort by:Featured]">
      <![CDATA[java.lang.AssertionError: expected [1-24 of over 2,000 results for Electronics : "Apple Watch"] but found [1-16 of over 1,000 results for Books : "Chetan Bhagat"
Sort by:
        
            Featured
        
            Price: Low to High
        
            Price: High to Low
        
            Avg. Customer Review
        
            Publication Date
        
    Sort by:Featured]
at in.amazon.test.HomepageTests.verifySearchProduct(HomepageTests.java:28)
at java.util.concurrent.ThreadPoolExecutor.runWorker(ThreadPoolExecutor.java:1149)
at java.util.concurrent.ThreadPoolExecutor$Worker.run(ThreadPoolExecutor.java:624)
at java.lang.Thread.run(Thread.java:748)
... Removed 18 stack frames]]>
    </failure>
  </testcase> <!-- verifySearchProduct -->
</testsuite> <!-- Test -->
